[2019-03-14T11:14:23.299] [INFO] app - orders of user {$userId } successfully retrieved
[2019-03-14T11:14:25.614] [INFO] app - items successfully received
[2019-03-14T11:14:25.841] [INFO] app - order by the given id successfully received
[2019-03-15T08:34:35.878] [INFO] app - orders of user 5c62e636694ff510c4f4ed52 successfully retrieved
[2019-03-15T08:34:38.300] [INFO] app - items successfully received
[2019-03-15T08:34:39.570] [INFO] app - order by the given id successfully received
[2019-03-15T08:34:40.750] [INFO] app - order 5c75f730e306193d96b80c56 successfully updated
[2019-03-15T08:34:41.229] [INFO] app - order by the given id successfully received
[2019-03-15T08:34:42.153] [INFO] app - order 5c75f730e306193d96b80c56 successfully updated
[2019-03-15T08:34:42.869] [INFO] app - order 5c75f730e306193d96b80c56 successfully updated
[2019-03-15T08:34:43.077] [INFO] app - order 5c75f730e306193d96b80c56 successfully updated
[2019-03-15T08:34:43.309] [INFO] app - order 5c75f730e306193d96b80c56 successfully updated
[2019-03-15T08:34:44.857] [INFO] app - order 5c75f730e306193d96b80c56 successfully updated
[2019-03-15T08:34:45.603] [INFO] app - order 5c75f730e306193d96b80c56 successfully updated
[2019-03-15T08:34:46.058] [INFO] app - order by the given id successfully received
[2019-03-15T08:34:47.116] [INFO] app - order 5c75f730e306193d96b80c56 successfully updated
[2019-03-15T08:34:47.791] [INFO] app - order 5c75f730e306193d96b80c56 successfully updated
[2019-03-15T08:34:48.077] [INFO] app - order 5c75f730e306193d96b80c56 successfully updated
[2019-03-15T08:34:49.260] [INFO] app - order 5c75f730e306193d96b80c56 successfully updated
[2019-03-17T15:56:31.622] [INFO] app - orders of user 5c62e636694ff510c4f4ed52 successfully retrieved
[2019-03-17T15:56:34.870] [INFO] app - items successfully received
[2019-03-17T15:56:34.877] [INFO] app - order by the given id successfully received
[2019-03-17T15:56:37.047] [INFO] app - order 5c75f730e306193d96b80c56 successfully updated
[2019-03-17T15:56:37.474] [INFO] app - order 5c75f730e306193d96b80c56 successfully updated
[2019-03-17T15:56:37.652] [INFO] app - order 5c75f730e306193d96b80c56 successfully updated
[2019-03-17T15:56:37.818] [INFO] app - order 5c75f730e306193d96b80c56 successfully updated
[2019-03-17T15:56:37.940] [INFO] app - order 5c75f730e306193d96b80c56 successfully updated
[2019-03-17T15:56:39.148] [INFO] app - order 5c75f730e306193d96b80c56 successfully updated
[2019-03-17T15:56:39.662] [INFO] app - order by the given id successfully received
[2019-03-17T15:56:40.921] [INFO] app - order 5c75f730e306193d96b80c56 successfully updated
[2019-03-17T15:56:41.534] [INFO] app - order 5c75f730e306193d96b80c56 successfully updated
[2019-03-17T15:56:41.661] [INFO] app - order 5c75f730e306193d96b80c56 successfully updated
[2019-03-17T15:56:43.333] [INFO] app - order 5c75f730e306193d96b80c56 successfully updated
[2019-03-17T15:56:45.032] [INFO] app - order 5c75f730e306193d96b80c56 successfully updated
[2019-03-17T15:56:45.542] [INFO] app - order by the given id successfully received
[2019-03-18T08:16:04.732] [INFO] app - orders of user 5c62e636694ff510c4f4ed52 successfully retrieved
[2019-03-18T08:16:07.011] [INFO] app - order by the given id successfully received
[2019-03-18T08:16:07.029] [INFO] app - items successfully received
[2019-03-18T08:16:09.034] [INFO] app - order 5c75f730e306193d96b80c56 successfully updated
[2019-03-18T08:16:09.490] [INFO] app - order by the given id successfully received
[2019-03-18T08:16:10.801] [INFO] app - order 5c75f730e306193d96b80c56 successfully updated
[2019-03-18T08:16:11.458] [INFO] app - order 5c75f730e306193d96b80c56 successfully updated
[2019-03-18T08:16:11.600] [INFO] app - order 5c75f730e306193d96b80c56 successfully updated
[2019-03-18T08:16:13.204] [INFO] app - order 5c75f730e306193d96b80c56 successfully updated
[2019-03-18T08:16:14.204] [INFO] app - order 5c75f730e306193d96b80c56 successfully updated
[2019-03-18T08:16:14.664] [INFO] app - order by the given id successfully received
[2019-03-18T08:16:18.326] [INFO] app - order 5c75f730e306193d96b80c56 successfully updated
[2019-03-18T08:16:18.788] [INFO] app - order by the given id successfully received
[2019-03-18T09:35:59.938] [ERROR] app -  
[2019-03-18T09:58:52.170] [ERROR] default - unauthorized access caught in checkAuth.js
[2019-03-18T09:59:02.621] [ERROR] default - unauthorized access caught in checkAuth.js
[2019-03-18T09:59:33.424] [INFO] app - items successfully received
[2019-03-18T10:00:04.816] [INFO] app - items successfully received
[2019-03-18T10:00:24.184] [INFO] app - items successfully received
[2019-03-18T10:00:45.672] [INFO] app - items successfully received
[2019-03-18T10:01:05.270] [INFO] app - items successfully received
[2019-03-18T10:01:22.471] [INFO] app - items successfully received
[2019-03-18T10:01:47.573] [INFO] app - items successfully received
[2019-03-18T10:02:10.696] [ERROR] app -  
[2019-03-18T10:03:23.304] [INFO] app - orders of user 5c62e636694ff510c4f4ed52 successfully retrieved
[2019-03-18T10:03:25.843] [INFO] app - items successfully received
[2019-03-18T10:03:25.867] [INFO] app - order by the given id successfully received
[2019-03-18T10:03:27.441] [INFO] app - order 5c75f730e306193d96b80c56 successfully updated
[2019-03-18T10:03:27.854] [INFO] app - order 5c75f730e306193d96b80c56 successfully updated
[2019-03-18T10:03:27.991] [INFO] app - order 5c75f730e306193d96b80c56 successfully updated
[2019-03-18T10:03:28.160] [INFO] app - order 5c75f730e306193d96b80c56 successfully updated
[2019-03-18T10:03:29.508] [INFO] app - order 5c75f730e306193d96b80c56 successfully updated
[2019-03-18T10:03:30.781] [INFO] app - order 5c75f730e306193d96b80c56 successfully updated
[2019-03-18T10:03:31.748] [INFO] app - order 5c75f730e306193d96b80c56 successfully updated
[2019-03-18T10:03:32.081] [INFO] app - order 5c75f730e306193d96b80c56 successfully updated
[2019-03-18T10:03:33.561] [INFO] app - order 5c75f730e306193d96b80c56 successfully updated
[2019-03-18T10:03:33.566] [INFO] app - order 5c75f730e306193d96b80c56 successfully updated
[2019-03-18T10:03:33.579] [INFO] app - order 5c75f730e306193d96b80c56 successfully updated
[2019-03-18T10:03:35.112] [INFO] app - order 5c75f730e306193d96b80c56 successfully updated
[2019-03-18T10:03:35.129] [INFO] app - order 5c75f730e306193d96b80c56 successfully updated
[2019-03-18T10:03:35.138] [INFO] app - order 5c75f730e306193d96b80c56 successfully updated
[2019-03-18T10:03:35.601] [INFO] app - order by the given id successfully received
[2019-03-18T10:03:38.720] [INFO] app - order 5c75f730e306193d96b80c56 successfully updated
[2019-03-18T10:03:39.181] [INFO] app - order by the given id successfully received
[2019-03-18T10:03:40.638] [INFO] app - order 5c75f730e306193d96b80c56 successfully updated
[2019-03-18T10:03:41.715] [INFO] app - order 5c75f730e306193d96b80c56 successfully updated
[2019-03-18T10:03:44.629] [INFO] app - order 5c75f730e306193d96b80c56 successfully updated
[2019-03-18T10:03:45.546] [INFO] app - order 5c75f730e306193d96b80c56 successfully updated
[2019-03-18T10:03:46.019] [INFO] app - order by the given id successfully received
[2019-03-18T10:03:49.466] [INFO] app - order 5c75f730e306193d96b80c56 successfully updated
[2019-03-18T10:03:49.926] [INFO] app - order by the given id successfully received
[2019-03-18T10:03:51.444] [INFO] app - order 5c75f730e306193d96b80c56 successfully updated
[2019-03-18T10:03:54.828] [INFO] app - order 5c75f730e306193d96b80c56 successfully updated
[2019-03-18T10:03:55.838] [INFO] app - order 5c75f730e306193d96b80c56 successfully updated
[2019-03-18T10:03:56.302] [INFO] app - order by the given id successfully received
[2019-03-18T10:03:59.082] [INFO] app - order 5c75f730e306193d96b80c56 successfully updated
[2019-03-18T11:28:12.736] [ERROR] app - Item namenot a string less than 25 characters, validated in validateItem.js
[2019-03-18T11:28:12.736] [ERROR] app - invalid item price validated in validateItem.js
[2019-03-18T11:41:40.474] [ERROR] app - Item name not a string less than 25 characters, validated in validateItem.js
[2019-03-18T11:42:54.034] [ERROR] app - Item name not a string less than 25 characters, validated in validateItem.js
[2019-03-18T11:49:51.994] [ERROR] app - Item name not a string less than 25 characters, validated in validateItem.js
[2019-03-18T11:52:00.002] [ERROR] app - invalid item price validated in validateItem.js
[2019-03-18T11:52:37.162] [ERROR] default - unauthorized access caught in checkAuth.js
[2019-03-18T11:53:57.995] [ERROR] default - unauthorized access caught in checkAuth.js
[2019-03-18T11:54:18.266] [INFO] app - items successfully received
[2019-03-19T07:38:31.043] [INFO] app - orders of user 5c62e636694ff510c4f4ed52 successfully retrieved
[2019-03-19T08:57:25.097] [INFO] app - orders of user 5c62e636694ff510c4f4ed52 successfully retrieved
[2019-03-19T08:57:27.593] [INFO] app - items successfully received
[2019-03-19T08:57:27.600] [INFO] app - order by the given id successfully received
[2019-03-19T08:57:41.958] [INFO] app - order 5c75f730e306193d96b80c56 successfully updated
[2019-03-19T08:57:42.942] [INFO] app - order 5c75f730e306193d96b80c56 successfully updated
[2019-03-19T08:57:43.488] [INFO] app - order 5c75f730e306193d96b80c56 successfully updated
[2019-03-19T08:57:44.126] [INFO] app - order 5c75f730e306193d96b80c56 successfully updated
[2019-03-19T08:57:44.892] [INFO] app - order 5c75f730e306193d96b80c56 successfully updated
[2019-03-19T08:57:46.721] [INFO] app - order 5c75f730e306193d96b80c56 successfully updated
[2019-03-19T08:57:50.943] [INFO] app - order 5c75f730e306193d96b80c56 successfully updated
[2019-03-19T08:57:51.427] [INFO] app - order by the given id successfully received
[2019-03-19T08:57:53.593] [INFO] app - order 5c75f730e306193d96b80c56 successfully updated
[2019-03-19T08:57:55.155] [INFO] app - order 5c75f730e306193d96b80c56 successfully updated
[2019-03-19T08:58:00.064] [INFO] app - order 5c75f730e306193d96b80c56 successfully updated
[2019-03-19T08:58:00.231] [INFO] app - order 5c75f730e306193d96b80c56 successfully updated
[2019-03-19T08:58:01.282] [INFO] app - order 5c75f730e306193d96b80c56 successfully updated
[2019-03-19T09:12:27.761] [INFO] app - order 5c75f730e306193d96b80c56 successfully updated
[2019-03-19T09:12:29.430] [INFO] app - order 5c75f730e306193d96b80c56 successfully updated
[2019-03-19T09:12:29.624] [INFO] app - order 5c75f730e306193d96b80c56 successfully updated
[2019-03-19T09:12:29.829] [INFO] app - order 5c75f730e306193d96b80c56 successfully updated
[2019-03-19T09:12:29.957] [INFO] app - order 5c75f730e306193d96b80c56 successfully updated
[2019-03-19T09:12:34.271] [INFO] app - order 5c75f730e306193d96b80c56 successfully updated
[2019-03-19T09:12:34.902] [INFO] app - order 5c75f730e306193d96b80c56 successfully updated
[2019-03-19T09:27:41.572] [INFO] app - order 5c75f730e306193d96b80c56 successfully updated
[2019-03-19T09:28:28.250] [ERROR] default - unauthorized access caught in checkAuth.js
[2019-03-19T09:28:46.373] [INFO] default - data successfully received from the database
[2019-03-19T09:28:46.374] [ERROR] app - item by the given id not found
[2019-03-19T09:29:26.854] [INFO] app - order by the given id successfully received
[2019-03-19T09:30:48.816] [INFO] app - order 5c75f730e306193d96b80c56 successfully updated
[2019-03-19T09:31:00.773] [INFO] app - orders of user 5c62e636694ff510c4f4ed52 successfully retrieved
[2019-03-19T09:31:04.127] [INFO] app - order by the given id successfully received
[2019-03-19T09:31:04.138] [INFO] app - items successfully received
[2019-03-19T09:31:06.574] [INFO] app - order 5c75f730e306193d96b80c56 successfully updated
[2019-03-19T09:31:07.068] [INFO] app - order by the given id successfully received
[2019-03-19T09:33:35.573] [INFO] app - order 5c75f730e306193d96b80c56 successfully updated
[2019-03-19T09:33:42.006] [INFO] app - order 5c75f730e306193d96b80c56 successfully updated
[2019-03-19T09:33:42.493] [INFO] app - order by the given id successfully received
[2019-03-19T09:33:59.687] [INFO] app - order 5c75f730e306193d96b80c56 successfully updated
[2019-03-19T09:34:01.195] [INFO] app - order 5c75f730e306193d96b80c56 successfully updated
[2019-03-19T09:34:05.427] [INFO] app - order 5c75f730e306193d96b80c56 successfully updated
[2019-03-19T09:34:20.092] [INFO] app - order 5c75f730e306193d96b80c56 successfully updated
[2019-03-19T09:34:33.731] [INFO] app - orders of user 5c62e636694ff510c4f4ed52 successfully retrieved
[2019-03-19T09:34:34.795] [INFO] app - items successfully received
[2019-03-19T09:34:35.033] [INFO] app - order by the given id successfully received
[2019-03-19T09:34:37.147] [INFO] app - order 5c75f730e306193d96b80c56 successfully updated
[2019-03-19T09:34:37.641] [INFO] app - order by the given id successfully received
[2019-03-19T09:34:40.570] [INFO] app - order 5c75f730e306193d96b80c56 successfully updated
[2019-03-19T09:34:42.526] [INFO] app - order 5c75f730e306193d96b80c56 successfully updated
[2019-03-19T09:34:47.042] [INFO] app - order 5c75f730e306193d96b80c56 successfully updated
[2019-03-19T09:34:49.288] [INFO] app - order 5c75f730e306193d96b80c56 successfully updated
[2019-03-19T09:34:49.866] [INFO] app - order by the given id successfully received
[2019-03-19T09:34:56.731] [INFO] app - order 5c75f730e306193d96b80c56 successfully updated
[2019-03-19T09:34:57.226] [INFO] app - order by the given id successfully received
[2019-03-19T09:35:06.541] [INFO] app - order 5c75f730e306193d96b80c56 successfully updated
[2019-03-19T09:35:07.022] [INFO] app - order by the given id successfully received
[2019-03-19T09:35:47.282] [INFO] app - order 5c75f730e306193d96b80c56 successfully updated
[2019-03-19T09:41:21.039] [INFO] app - orders of user 5c62e636694ff510c4f4ed52 successfully retrieved
[2019-03-19T09:41:21.789] [INFO] app - items successfully received
[2019-03-19T09:41:22.467] [INFO] app - order by the given id successfully received
[2019-03-19T09:41:32.645] [INFO] app - order 5c75f730e306193d96b80c56 successfully updated
[2019-03-19T09:41:32.893] [INFO] app - order 5c75f730e306193d96b80c56 successfully updated
[2019-03-19T09:41:33.344] [INFO] app - order 5c75f730e306193d96b80c56 successfully updated
[2019-03-19T09:41:34.311] [INFO] app - order 5c75f730e306193d96b80c56 successfully updated
[2019-03-19T09:41:39.176] [INFO] app - order 5c75f730e306193d96b80c56 successfully updated
[2019-03-19T09:41:46.197] [INFO] app - orders of user 5c62e636694ff510c4f4ed52 successfully retrieved
[2019-03-19T09:41:47.161] [INFO] app - items successfully received
[2019-03-19T09:41:47.396] [INFO] app - order by the given id successfully received
[2019-03-19T09:41:50.786] [INFO] app - order 5c75f730e306193d96b80c56 successfully updated
[2019-03-19T09:41:51.272] [INFO] app - order by the given id successfully received
[2019-03-19T09:43:05.648] [INFO] app - order 5c75f730e306193d96b80c56 successfully updated
[2019-03-19T09:43:18.635] [INFO] app - orders of user 5c62e636694ff510c4f4ed52 successfully retrieved
[2019-03-19T09:43:19.774] [INFO] app - items successfully received
[2019-03-19T09:43:20.002] [INFO] app - order by the given id successfully received
[2019-03-19T09:43:23.068] [INFO] app - order 5c75f730e306193d96b80c56 successfully updated
[2019-03-19T09:43:23.578] [INFO] app - order by the given id successfully received
[2019-03-19T09:44:03.970] [INFO] app - order 5c75f730e306193d96b80c56 successfully updated
[2019-03-19T09:44:12.341] [INFO] app - orders of user 5c62e636694ff510c4f4ed52 successfully retrieved
[2019-03-19T09:44:16.171] [INFO] app - items successfully received
[2019-03-19T09:44:16.402] [INFO] app - order by the given id successfully received
[2019-03-19T09:44:19.300] [INFO] app - order 5c75f730e306193d96b80c56 successfully updated
[2019-03-19T09:44:19.801] [INFO] app - order by the given id successfully received
[2019-03-19T09:44:35.607] [INFO] app - order 5c75f730e306193d96b80c56 successfully updated
[2019-03-19T09:44:36.136] [INFO] app - order by the given id successfully received
[2019-03-19T09:45:08.025] [INFO] app - order 5c75f730e306193d96b80c56 successfully updated
[2019-03-19T09:45:10.697] [INFO] app - order 5c75f730e306193d96b80c56 successfully updated
[2019-03-19T09:45:13.294] [INFO] app - order 5c75f730e306193d96b80c56 successfully updated
[2019-03-19T09:45:16.862] [INFO] app - order 5c75f730e306193d96b80c56 successfully updated
[2019-03-19T09:50:29.001] [INFO] app - order 5c75f730e306193d96b80c56 successfully updated
[2019-03-19T09:50:36.840] [INFO] app - orders of user 5c62e636694ff510c4f4ed52 successfully retrieved
[2019-03-19T09:50:38.007] [INFO] app - items successfully received
[2019-03-19T09:50:38.233] [INFO] app - order by the given id successfully received
[2019-03-19T09:50:42.762] [INFO] app - order 5c75f730e306193d96b80c56 successfully updated
[2019-03-19T09:50:43.250] [INFO] app - order by the given id successfully received
[2019-03-19T09:51:20.200] [INFO] app - order 5c75f730e306193d96b80c56 successfully updated
[2019-03-19T09:51:20.682] [INFO] app - order by the given id successfully received
[2019-03-19T09:51:44.789] [INFO] app - order 5c75f730e306193d96b80c56 successfully updated
[2019-03-19T09:51:45.279] [INFO] app - order by the given id successfully received
[2019-03-19T09:51:48.282] [INFO] app - order 5c75f730e306193d96b80c56 successfully updated
[2019-03-19T09:51:49.741] [INFO] app - order 5c75f730e306193d96b80c56 successfully updated
[2019-03-19T09:51:50.226] [INFO] app - order by the given id successfully received
[2019-03-19T09:51:57.430] [INFO] app - order 5c75f730e306193d96b80c56 successfully updated
[2019-03-19T09:52:01.411] [INFO] app - order 5c75f730e306193d96b80c56 successfully updated
[2019-03-19T09:52:01.893] [INFO] app - order by the given id successfully received
[2019-03-19T09:52:09.034] [INFO] app - order 5c75f730e306193d96b80c56 successfully updated
[2019-03-19T09:52:09.664] [INFO] app - order by the given id successfully received
[2019-03-19T09:52:13.743] [INFO] app - order 5c75f730e306193d96b80c56 successfully updated
[2019-03-19T09:52:14.943] [INFO] app - order 5c75f730e306193d96b80c56 successfully updated
[2019-03-19T09:52:19.001] [INFO] app - order 5c75f730e306193d96b80c56 successfully updated
[2019-03-19T09:52:19.482] [INFO] app - order by the given id successfully received
[2019-03-19T10:05:14.714] [INFO] app - orders of user 5c62e636694ff510c4f4ed52 successfully retrieved
[2019-03-19T10:05:16.191] [INFO] app - items successfully received
[2019-03-19T10:05:16.419] [INFO] app - order by the given id successfully received
[2019-03-19T10:05:25.890] [INFO] app - order 5c75f730e306193d96b80c56 successfully updated
[2019-03-19T10:05:28.698] [INFO] app - order 5c75f730e306193d96b80c56 successfully updated
[2019-03-19T10:05:30.701] [INFO] app - order 5c75f730e306193d96b80c56 successfully updated
[2019-03-19T10:05:33.309] [INFO] app - order 5c75f730e306193d96b80c56 successfully updated
[2019-03-19T10:05:35.228] [INFO] app - order 5c75f730e306193d96b80c56 successfully updated
[2019-03-19T10:05:38.464] [INFO] app - order 5c75f730e306193d96b80c56 successfully updated
[2019-03-19T10:05:41.235] [INFO] app - order 5c75f730e306193d96b80c56 successfully updated
[2019-03-19T10:05:45.810] [INFO] app - order 5c75f730e306193d96b80c56 successfully updated
[2019-03-19T10:05:47.601] [INFO] app - order 5c75f730e306193d96b80c56 successfully updated
[2019-03-19T10:05:49.720] [INFO] app - order 5c75f730e306193d96b80c56 successfully updated
[2019-03-19T10:05:52.027] [INFO] app - order 5c75f730e306193d96b80c56 successfully updated
[2019-03-19T10:05:54.815] [INFO] app - order 5c75f730e306193d96b80c56 successfully updated
[2019-03-19T10:05:55.299] [INFO] app - order by the given id successfully received
[2019-03-19T11:07:44.050] [INFO] app - orders of user 5c62e636694ff510c4f4ed52 successfully retrieved
[2019-03-19T11:07:46.881] [INFO] app - items successfully received
[2019-03-19T11:07:48.306] [INFO] app - order by the given id successfully received
[2019-03-19T11:12:30.271] [INFO] app - orders of user 5c62e636694ff510c4f4ed52 successfully retrieved
[2019-03-19T11:12:31.146] [INFO] app - items successfully received
[2019-03-19T11:12:31.358] [INFO] app - order by the given id successfully received
[2019-03-19T11:12:33.316] [INFO] app - order 5c75f730e306193d96b80c56 successfully updated
[2019-03-19T11:12:33.804] [INFO] app - order by the given id successfully received
[2019-03-19T11:12:59.748] [INFO] app - orders of user 5c62e636694ff510c4f4ed52 successfully retrieved
[2019-03-19T11:13:00.639] [INFO] app - items successfully received
[2019-03-19T11:13:00.857] [INFO] app - order by the given id successfully received
[2019-03-19T11:13:05.569] [INFO] app - order 5c75f730e306193d96b80c56 successfully updated
[2019-03-19T11:13:06.089] [INFO] app - order by the given id successfully received
[2019-03-19T11:14:31.683] [INFO] app - orders of user 5c62e636694ff510c4f4ed52 successfully retrieved
[2019-03-19T11:14:33.028] [INFO] app - items successfully received
[2019-03-19T11:14:33.252] [INFO] app - order by the given id successfully received
[2019-03-19T11:14:35.770] [INFO] app - order 5c75f730e306193d96b80c56 successfully updated
[2019-03-19T11:14:36.284] [INFO] app - order by the given id successfully received
[2019-03-19T11:16:22.177] [INFO] app - orders of user 5c62e636694ff510c4f4ed52 successfully retrieved
[2019-03-19T11:16:23.272] [INFO] app - items successfully received
[2019-03-19T11:16:23.509] [INFO] app - order by the given id successfully received
[2019-03-19T11:16:29.004] [INFO] app - order 5c75f730e306193d96b80c56 successfully updated
[2019-03-19T11:16:29.539] [INFO] app - order 5c75f730e306193d96b80c56 successfully updated
[2019-03-19T11:16:30.092] [INFO] app - order 5c75f730e306193d96b80c56 successfully updated
[2019-03-19T11:16:31.277] [INFO] app - order 5c75f730e306193d96b80c56 successfully updated
[2019-03-19T11:16:31.764] [INFO] app - order by the given id successfully received
[2019-03-19T11:19:14.892] [INFO] app - orders of user 5c62e636694ff510c4f4ed52 successfully retrieved
[2019-03-19T11:19:16.157] [INFO] app - items successfully received
[2019-03-19T11:19:16.388] [INFO] app - order by the given id successfully received
[2019-03-19T11:19:21.177] [INFO] app - order 5c75f730e306193d96b80c56 successfully updated
[2019-03-19T11:19:21.655] [INFO] app - order by the given id successfully received
[2019-03-19T11:19:25.554] [INFO] app - order 5c75f730e306193d96b80c56 successfully updated
[2019-03-19T11:19:28.247] [INFO] app - order 5c75f730e306193d96b80c56 successfully updated
[2019-03-19T11:19:35.252] [INFO] app - order 5c75f730e306193d96b80c56 successfully updated
[2019-03-19T11:19:35.885] [INFO] app - order by the given id successfully received
[2019-03-19T11:19:38.753] [INFO] app - order 5c75f730e306193d96b80c56 successfully updated
[2019-03-19T11:19:46.180] [INFO] app - order 5c75f730e306193d96b80c56 successfully updated
[2019-03-19T11:19:46.678] [INFO] app - order 5c75f730e306193d96b80c56 successfully updated
[2019-03-19T11:19:47.159] [INFO] app - order 5c75f730e306193d96b80c56 successfully updated
[2019-03-19T11:19:47.770] [INFO] app - order 5c75f730e306193d96b80c56 successfully updated
[2019-03-19T11:21:51.093] [INFO] app - order 5c75f730e306193d96b80c56 successfully updated
[2019-03-19T11:22:02.916] [INFO] app - orders of user 5c62e636694ff510c4f4ed52 successfully retrieved
[2019-03-19T11:22:03.685] [INFO] app - items successfully received
[2019-03-19T11:22:03.914] [INFO] app - order by the given id successfully received
[2019-03-19T11:22:06.530] [INFO] app - order 5c75f730e306193d96b80c56 successfully updated
[2019-03-19T11:22:07.015] [INFO] app - order by the given id successfully received
[2019-03-19T11:22:09.298] [INFO] app - order 5c75f730e306193d96b80c56 successfully updated
[2019-03-19T11:22:11.659] [INFO] app - order 5c75f730e306193d96b80c56 successfully updated
[2019-03-19T11:22:13.783] [INFO] app - order 5c75f730e306193d96b80c56 successfully updated
[2019-03-19T11:22:15.440] [INFO] app - order 5c75f730e306193d96b80c56 successfully updated
[2019-03-19T11:22:15.921] [INFO] app - order by the given id successfully received
[2019-03-19T13:05:30.193] [INFO] app - items successfully received
[2019-03-19T13:07:27.384] [INFO] app - items successfully received
[2019-03-19T14:12:25.881] [INFO] app - items successfully received
[2019-03-19T14:12:47.227] [ERROR] default - unauthorized access caught in checkAuth.js
[2019-03-19T14:14:03.783] [INFO] app - items successfully received
[2019-03-19T16:35:42.468] [INFO] app - items successfully received
[2019-03-20T16:47:49.604] [INFO] app - items successfully received
[2019-03-20T16:51:15.932] [INFO] app - items successfully received
[2019-03-20T16:51:24.762] [INFO] default - data successfully received from the database
[2019-03-20T16:51:24.763] [INFO] app - item by the given id successfully received, itemController.js
[2019-03-20T19:01:44.849] [INFO] app - items successfully received
[2019-03-20T19:12:12.605] [INFO] app - orders of user 5c62e636694ff510c4f4ed52 successfully retrieved
[2019-03-20T19:12:15.955] [INFO] app - items successfully received
[2019-03-20T19:12:17.695] [INFO] app - order by the given id successfully received
[2019-03-20T19:19:22.672] [INFO] app - orders of user 5c62e636694ff510c4f4ed52 successfully retrieved
[2019-03-20T19:19:24.407] [INFO] app - items successfully received
[2019-03-20T19:19:24.710] [INFO] app - order by the given id successfully received
[2019-03-20T19:21:01.893] [INFO] app - orders of user 5c62e636694ff510c4f4ed52 successfully retrieved
[2019-03-20T19:21:03.326] [INFO] app - items successfully received
[2019-03-20T19:21:03.629] [INFO] app - order by the given id successfully received
[2019-03-20T19:23:14.705] [INFO] app - items successfully received
[2019-03-20T19:23:50.373] [INFO] app - all orders successfully received in order.js
[2019-03-20T19:24:36.353] [INFO] app - orders of user 5c62e636694ff510c4f4ed52 successfully retrieved
[2019-03-20T19:25:33.356] [INFO] app - order 5c75f730e306193d96b80c56 successfully updated
[2019-03-20T19:25:48.317] [INFO] app - orders of user 5c62e636694ff510c4f4ed52 successfully retrieved
[2019-03-20T19:25:49.437] [INFO] app - items successfully received
[2019-03-20T19:25:49.746] [INFO] app - order by the given id successfully received
[2019-03-20T19:26:26.501] [INFO] app - order 5c75f730e306193d96b80c56 successfully updated
[2019-03-20T19:26:40.849] [INFO] app - orders of user 5c62e636694ff510c4f4ed52 successfully retrieved
[2019-03-20T19:26:41.619] [INFO] app - items successfully received
[2019-03-20T19:26:41.863] [INFO] app - order by the given id successfully received
[2019-03-20T19:26:47.288] [INFO] app - order 5c75f730e306193d96b80c56 successfully updated
[2019-03-20T19:26:51.077] [INFO] app - order 5c75f730e306193d96b80c56 successfully updated
[2019-03-20T19:26:54.251] [INFO] app - order 5c75f730e306193d96b80c56 successfully updated
[2019-03-20T19:26:55.992] [INFO] app - order 5c75f730e306193d96b80c56 successfully updated
[2019-03-20T19:26:56.610] [INFO] app - order by the given id successfully received
[2019-03-20T19:27:00.293] [INFO] app - order 5c75f730e306193d96b80c56 successfully updated
[2019-03-20T19:27:13.196] [INFO] app - order 5c75f730e306193d96b80c56 successfully updated
[2019-03-20T19:27:13.720] [INFO] app - order by the given id successfully received
[2019-03-20T20:07:55.186] [INFO] app - all orders successfully received in order.js
[2019-03-20T20:59:21.275] [INFO] app - items successfully received
[2019-03-20T21:24:35.744] [INFO] app - orders of user 5c62e636694ff510c4f4ed52 successfully retrieved
[2019-03-20T21:32:29.934] [ERROR] default - unauthorized access caught in checkAuth.js
[2019-03-20T22:12:11.772] [INFO] app - items successfully received
[2019-03-20T22:12:13.310] [INFO] app - orders of user 5c62e636694ff510c4f4ed52 successfully retrieved
[2019-03-20T22:12:15.949] [INFO] app - items successfully received
[2019-03-20T22:12:16.312] [INFO] app - order by the given id successfully received
[2019-03-21T09:01:03.759] [INFO] app - orders of user 5c62e636694ff510c4f4ed52 successfully retrieved
[2019-03-21T09:01:06.697] [INFO] app - items successfully received
[2019-03-21T09:01:06.700] [INFO] app - order by the given id successfully received
[2019-03-21T09:01:18.400] [INFO] app - order 5c75f730e306193d96b80c56 successfully updated
[2019-03-21T09:01:26.252] [INFO] app - order 5c75f730e306193d96b80c56 successfully updated
[2019-03-21T09:01:37.722] [INFO] app - order 5c75f730e306193d96b80c56 successfully updated
[2019-03-21T09:01:43.867] [INFO] app - order 5c75f730e306193d96b80c56 successfully updated
[2019-03-21T09:55:40.930] [INFO] app - orders of user 5c62e636694ff510c4f4ed52 successfully retrieved
[2019-03-21T09:55:43.934] [INFO] app - order by the given id successfully received
[2019-03-21T09:55:43.938] [INFO] app - items successfully received
[2019-03-21T09:55:49.310] [INFO] app - order 5c75f730e306193d96b80c56 successfully updated
[2019-03-21T09:55:49.798] [INFO] app - order by the given id successfully received
[2019-03-21T09:55:56.582] [INFO] app - order 5c75f730e306193d96b80c56 successfully updated
[2019-03-21T09:55:57.410] [INFO] app - order 5c75f730e306193d96b80c56 successfully updated
[2019-03-21T09:56:01.599] [INFO] app - order 5c75f730e306193d96b80c56 successfully updated
[2019-03-21T11:32:38.373] [INFO] app - orders of user 5c62e636694ff510c4f4ed52 successfully retrieved
[2019-03-21T11:32:41.418] [INFO] app - order by the given id successfully received
[2019-03-21T11:32:41.432] [INFO] app - items successfully received
[2019-03-21T11:32:45.814] [INFO] app - order 5c75f730e306193d96b80c56 successfully updated
[2019-03-21T11:32:48.168] [INFO] app - order 5c75f730e306193d96b80c56 successfully updated
[2019-03-21T11:32:48.680] [INFO] app - order 5c75f730e306193d96b80c56 successfully updated
[2019-03-21T11:32:49.807] [INFO] app - order 5c75f730e306193d96b80c56 successfully updated
[2019-03-21T11:32:51.651] [INFO] app - order 5c75f730e306193d96b80c56 successfully updated
[2019-03-21T11:32:52.110] [INFO] app - order by the given id successfully received
[2019-03-21T11:32:53.492] [INFO] app - order 5c75f730e306193d96b80c56 successfully updated
[2019-03-21T11:32:53.799] [INFO] app - order 5c75f730e306193d96b80c56 successfully updated
[2019-03-21T11:49:15.376] [INFO] app - orders of user 5c62e636694ff510c4f4ed52 successfully retrieved
[2019-03-21T11:49:18.266] [INFO] app - items successfully received
[2019-03-21T11:49:18.271] [INFO] app - order by the given id successfully received
[2019-03-21T11:49:21.386] [INFO] app - order 5c75f730e306193d96b80c56 successfully updated
[2019-03-21T11:49:22.101] [INFO] app - order 5c75f730e306193d96b80c56 successfully updated
[2019-03-21T11:49:22.512] [INFO] app - order 5c75f730e306193d96b80c56 successfully updated
[2019-03-21T11:49:22.771] [INFO] app - order 5c75f730e306193d96b80c56 successfully updated
[2019-03-21T11:49:23.023] [INFO] app - order 5c75f730e306193d96b80c56 successfully updated
[2019-03-21T11:49:26.401] [INFO] app - order 5c75f730e306193d96b80c56 successfully updated
[2019-03-21T11:49:28.214] [INFO] app - order 5c75f730e306193d96b80c56 successfully updated
[2019-03-21T11:49:28.833] [INFO] app - order by the given id successfully received
[2019-03-22T08:08:29.654] [INFO] app - orders of user 5c62e636694ff510c4f4ed52 successfully retrieved
[2019-03-22T08:08:32.381] [INFO] app - items successfully received
[2019-03-22T08:08:32.636] [INFO] app - order by the given id successfully received
[2019-03-22T08:08:36.433] [INFO] app - order 5c75f730e306193d96b80c56 successfully updated
[2019-03-22T08:08:39.254] [INFO] app - order 5c75f730e306193d96b80c56 successfully updated
[2019-03-22T08:08:59.475] [INFO] app - order 5c75f730e306193d96b80c56 successfully updated
[2019-03-22T08:08:59.950] [INFO] app - order by the given id successfully received
